\BOOKMARK [-1][]{ctitle.-1}{\376\377\232\330\176\364\126\340\133\120\152\041\127\213\166\204\147\201\131\047\117\074\161\066\122\006\147\220\166\204\164\006\213\272\116\016\145\271\154\325}{}% 1
\BOOKMARK [0][]{section*.2}{\376\377\133\146\117\115\213\272\145\207\123\237\122\033\140\047\130\360\146\016\124\214\133\146\117\115\213\272\145\207\162\110\147\103\117\177\165\050\143\210\147\103\116\146}{ctitle.-1}% 2
\BOOKMARK [0][]{section*.3}{\376\377\144\130\000\040\211\201}{ctitle.-1}% 3
\BOOKMARK [0][]{section*.5}{\376\377\000A\000b\000s\000t\000r\000a\000c\000t}{ctitle.-1}% 4
\BOOKMARK [0][]{section*.7}{\376\377\166\356\000\040\000\040\000\040\000\040\137\125}{ctitle.-1}% 5
\BOOKMARK [0][]{section*.9}{\376\377\143\322\126\376\175\042\137\025}{ctitle.-1}% 6
\BOOKMARK [0][]{section*.11}{\376\377\226\104\210\150\175\042\137\025}{ctitle.-1}% 7
\BOOKMARK [0][]{section*.13}{\376\377\0001\000\040\176\352\213\272}{ctitle.-1}% 8
\BOOKMARK [1][]{section*.14}{\376\377\0001\000.\0001\000\040\170\024\172\166\200\314\146\157}{section*.13}% 9
\BOOKMARK [0][]{section*.15}{\376\377\0002\000\040\232\330\176\364\126\340\133\120\152\041\127\213\166\204\147\201\131\047\117\074\161\066\122\006\147\220\166\204\164\006\213\272\116\016\145\271\154\325}{ctitle.-1}% 10
\BOOKMARK [0][]{section*.16}{\376\377\0003\000\040\123\302\145\160\117\060\213\241}{ctitle.-1}% 11
\BOOKMARK [0][]{section*.17}{\376\377\0004\000\040\123\330\221\317\220\011\123\326\124\214\143\007\145\160\147\204\220\040}{ctitle.-1}% 12
\BOOKMARK [0][]{section*.18}{\376\377\0005\000\040\133\236\213\301\176\323\147\234}{ctitle.-1}% 13
\BOOKMARK [0][]{section*.19}{\376\377\176\323\000\040\213\272}{ctitle.-1}% 14
\BOOKMARK [0][]{section*.22}{\376\377\123\302\200\003\145\207\163\056}{ctitle.-1}% 15
\BOOKMARK [0][]{section*.24}{\376\377\226\104\137\125\000A\000\040\000\040\000\040\000\040\142\275\150\067\173\227\154\325}{ctitle.-1}% 16
\BOOKMARK [1][]{section*.26}{\376\377\226\104\137\125\000A\000.\0001\000\040\000\040\173\227\154\325\176\306\202\202}{section*.24}% 17
\BOOKMARK [1][]{section*.29}{\376\377\226\104\137\125\000A\000.\0002\000\040\000\040\124\016\232\214\122\006\136\003}{section*.24}% 18
\BOOKMARK [0][]{section*.30}{\376\377\226\104\137\125\000B\000\040\000\040\000\040\000\040\123\321\210\150\213\272\145\207\124\214\123\302\122\240\171\321\170\024\140\305\121\265\213\364\146\016}{ctitle.-1}% 19
\BOOKMARK [0][]{section*.32}{\376\377\201\364\000\040\214\042}{ctitle.-1}% 20
